This is pdfTeX, Version 3.141592653-2.6-1.40.22 (TeX Live 2022/dev/Debian) (preloaded format=pdflatex 2023.11.13)  7 FEB 2024 18:32
entering extended mode
 restricted \write18 enabled.
 %&-line parsing enabled.
**scieee.tex
(./scieee.tex
LaTeX2e <2021-11-15> patch level 1
L3 programming layer <2022-01-21> (./IEEEtran.cls
Document Class: IEEEtran 2015/08/26 V1.8b by Michael Shell
-- See the "IEEEtran_HOWTO" manual for usage information.
-- http://www.michaelshell.org/tex/ieeetran/
\@IEEEtrantmpdimenA=\dimen138
\@IEEEtrantmpdimenB=\dimen139
\@IEEEtrantmpdimenC=\dimen140
\@IEEEtrantmpcountA=\count185
\@IEEEtrantmpcountB=\count186
\@IEEEtrantmpcountC=\count187
\@IEEEtrantmptoksA=\toks16
LaTeX Font Info:    Trying to load font information for OT1+ptm on input line 5
03.
(/usr/share/texlive/texmf-dist/tex/latex/psnfss/ot1ptm.fd
File: ot1ptm.fd 2001/06/04 font definitions for OT1/ptm.
)
-- Using 8.5in x 11in (letter) paper.
-- Using PDF output.
\@IEEEnormalsizeunitybaselineskip=\dimen141
-- This is a 10 point document.
\CLASSINFOnormalsizebaselineskip=\dimen142
\CLASSINFOnormalsizeunitybaselineskip=\dimen143
\IEEEnormaljot=\dimen144
LaTeX Font Info:    Font shape `OT1/ptm/bx/n' in size <5> not available
(Font)              Font shape `OT1/ptm/b/n' tried instead on input line 1090.
LaTeX Font Info:    Font shape `OT1/ptm/bx/it' in size <5> not available
(Font)              Font shape `OT1/ptm/b/it' tried instead on input line 1090.

LaTeX Font Info:    Font shape `OT1/ptm/bx/n' in size <7> not available
(Font)              Font shape `OT1/ptm/b/n' tried instead on input line 1090.
LaTeX Font Info:    Font shape `OT1/ptm/bx/it' in size <7> not available
(Font)              Font shape `OT1/ptm/b/it' tried instead on input line 1090.

LaTeX Font Info:    Font shape `OT1/ptm/bx/n' in size <8> not available
(Font)              Font shape `OT1/ptm/b/n' tried instead on input line 1090.
LaTeX Font Info:    Font shape `OT1/ptm/bx/it' in size <8> not available
(Font)              Font shape `OT1/ptm/b/it' tried instead on input line 1090.

LaTeX Font Info:    Font shape `OT1/ptm/bx/n' in size <9> not available
(Font)              Font shape `OT1/ptm/b/n' tried instead on input line 1090.
LaTeX Font Info:    Font shape `OT1/ptm/bx/it' in size <9> not available
(Font)              Font shape `OT1/ptm/b/it' tried instead on input line 1090.

LaTeX Font Info:    Font shape `OT1/ptm/bx/n' in size <10> not available
(Font)              Font shape `OT1/ptm/b/n' tried instead on input line 1090.
LaTeX Font Info:    Font shape `OT1/ptm/bx/it' in size <10> not available
(Font)              Font shape `OT1/ptm/b/it' tried instead on input line 1090.

LaTeX Font Info:    Font shape `OT1/ptm/bx/n' in size <11> not available
(Font)              Font shape `OT1/ptm/b/n' tried instead on input line 1090.
LaTeX Font Info:    Font shape `OT1/ptm/bx/it' in size <11> not available
(Font)              Font shape `OT1/ptm/b/it' tried instead on input line 1090.

LaTeX Font Info:    Font shape `OT1/ptm/bx/n' in size <12> not available
(Font)              Font shape `OT1/ptm/b/n' tried instead on input line 1090.
LaTeX Font Info:    Font shape `OT1/ptm/bx/it' in size <12> not available
(Font)              Font shape `OT1/ptm/b/it' tried instead on input line 1090.

LaTeX Font Info:    Font shape `OT1/ptm/bx/n' in size <17> not available
(Font)              Font shape `OT1/ptm/b/n' tried instead on input line 1090.
LaTeX Font Info:    Font shape `OT1/ptm/bx/it' in size <17> not available
(Font)              Font shape `OT1/ptm/b/it' tried instead on input line 1090.

LaTeX Font Info:    Font shape `OT1/ptm/bx/n' in size <20> not available
(Font)              Font shape `OT1/ptm/b/n' tried instead on input line 1090.
LaTeX Font Info:    Font shape `OT1/ptm/bx/it' in size <20> not available
(Font)              Font shape `OT1/ptm/b/it' tried instead on input line 1090.

LaTeX Font Info:    Font shape `OT1/ptm/bx/n' in size <24> not available
(Font)              Font shape `OT1/ptm/b/n' tried instead on input line 1090.
LaTeX Font Info:    Font shape `OT1/ptm/bx/it' in size <24> not available
(Font)              Font shape `OT1/ptm/b/it' tried instead on input line 1090.

\IEEEquantizedlength=\dimen145
\IEEEquantizedlengthdiff=\dimen146
\IEEEquantizedtextheightdiff=\dimen147
\IEEEilabelindentA=\dimen148
\IEEEilabelindentB=\dimen149
\IEEEilabelindent=\dimen150
\IEEEelabelindent=\dimen151
\IEEEdlabelindent=\dimen152
\IEEElabelindent=\dimen153
\IEEEiednormlabelsep=\dimen154
\IEEEiedmathlabelsep=\dimen155
\IEEEiedtopsep=\skip47
\c@section=\count188
\c@subsection=\count189
\c@subsubsection=\count190
\c@paragraph=\count191
\c@IEEEsubequation=\count192
\abovecaptionskip=\skip48
\belowcaptionskip=\skip49
\c@figure=\count193
\c@table=\count194
\@IEEEeqnnumcols=\count195
\@IEEEeqncolcnt=\count196
\@IEEEsubeqnnumrollback=\count197
\@IEEEquantizeheightA=\dimen156
\@IEEEquantizeheightB=\dimen157
\@IEEEquantizeheightC=\dimen158
\@IEEEquantizeprevdepth=\dimen159
\@IEEEquantizemultiple=\count198
\@IEEEquantizeboxA=\box50
\@IEEEtmpitemindent=\dimen160
\IEEEPARstartletwidth=\dimen161
\c@IEEEbiography=\count199
\@IEEEtranrubishbin=\box51
)
** ATTENTION: Overriding command lockouts (line 4).
(/usr/share/texlive/texmf-dist/tex/latex/cite/cite.sty
LaTeX Info: Redefining \cite on input line 302.
LaTeX Info: Redefining \nocite on input line 332.
Package: cite 2015/02/27  v 5.5
)
(/usr/share/texlive/texmf-dist/tex/latex/amsmath/amsmath.sty
Package: amsmath 2021/10/15 v2.17l AMS math features
\@mathmargin=\skip50

For additional information on amsmath, use the `?' option.
(/usr/share/texlive/texmf-dist/tex/latex/amsmath/amstext.sty
Package: amstext 2021/08/26 v2.01 AMS text

(/usr/share/texlive/texmf-dist/tex/latex/amsmath/amsgen.sty
File: amsgen.sty 1999/11/30 v2.0 generic functions
\@emptytoks=\toks17
\ex@=\dimen162
))
(/usr/share/texlive/texmf-dist/tex/latex/amsmath/amsbsy.sty
Package: amsbsy 1999/11/29 v1.2d Bold Symbols
\pmbraise@=\dimen163
)
(/usr/share/texlive/texmf-dist/tex/latex/amsmath/amsopn.sty
Package: amsopn 2021/08/26 v2.02 operator names
)
\inf@bad=\count266
LaTeX Info: Redefining \frac on input line 234.
\uproot@=\count267
\leftroot@=\count268
LaTeX Info: Redefining \overline on input line 399.
\classnum@=\count269
\DOTSCASE@=\count270
LaTeX Info: Redefining \ldots on input line 496.
LaTeX Info: Redefining \dots on input line 499.
LaTeX Info: Redefining \cdots on input line 620.
\Mathstrutbox@=\box52
\strutbox@=\box53
\big@size=\dimen164
LaTeX Font Info:    Redeclaring font encoding OML on input line 743.
LaTeX Font Info:    Redeclaring font encoding OMS on input line 744.
\macc@depth=\count271
\c@MaxMatrixCols=\count272
\dotsspace@=\muskip16
\c@parentequation=\count273
\dspbrk@lvl=\count274
\tag@help=\toks18
\row@=\count275
\column@=\count276
\maxfields@=\count277
\andhelp@=\toks19
\eqnshift@=\dimen165
\alignsep@=\dimen166
\tagshift@=\dimen167
\tagwidth@=\dimen168
\totwidth@=\dimen169
\lineht@=\dimen170
\@envbody=\toks20
\multlinegap=\skip51
\multlinetaggap=\skip52
\mathdisplay@stack=\toks21
LaTeX Info: Redefining \[ on input line 2938.
LaTeX Info: Redefining \] on input line 2939.
)
(/usr/share/texlive/texmf-dist/tex/latex/amsfonts/amssymb.sty
Package: amssymb 2013/01/14 v3.01 AMS font symbols

(/usr/share/texlive/texmf-dist/tex/latex/amsfonts/amsfonts.sty
Package: amsfonts 2013/01/14 v3.01 Basic AMSFonts support
\symAMSa=\mathgroup4
\symAMSb=\mathgroup5
LaTeX Font Info:    Redeclaring math symbol \hbar on input line 98.
LaTeX Font Info:    Overwriting math alphabet `\mathfrak' in version `bold'
(Font)                  U/euf/m/n --> U/euf/b/n on input line 106.
))
(/usr/share/texlive/texmf-dist/tex/latex/algorithms/algorithmic.sty
Package: algorithmic 2009/08/24 v0.1 Document Style `algorithmic'

(/usr/share/texlive/texmf-dist/tex/latex/base/ifthen.sty
Package: ifthen 2020/11/24 v1.1c Standard LaTeX ifthen package (DPC)
)
(/usr/share/texlive/texmf-dist/tex/latex/graphics/keyval.sty
Package: keyval 2014/10/28 v1.15 key=value parser (DPC)
\KV@toks@=\toks22
)
\c@ALC@unique=\count278
\c@ALC@line=\count279
\c@ALC@rem=\count280
\c@ALC@depth=\count281
\ALC@tlm=\skip53
\algorithmicindent=\skip54
)
(/usr/share/texlive/texmf-dist/tex/latex/graphics/graphicx.sty
Package: graphicx 2021/09/16 v1.2d Enhanced LaTeX Graphics (DPC,SPQR)

(/usr/share/texlive/texmf-dist/tex/latex/graphics/graphics.sty
Package: graphics 2021/03/04 v1.4d Standard LaTeX Graphics (DPC,SPQR)

(/usr/share/texlive/texmf-dist/tex/latex/graphics/trig.sty
Package: trig 2021/08/11 v1.11 sin cos tan (DPC)
)
(/usr/share/texlive/texmf-dist/tex/latex/graphics-cfg/graphics.cfg
File: graphics.cfg 2016/06/04 v1.11 sample graphics configuration
)
Package graphics Info: Driver file: pdftex.def on input line 107.

(/usr/share/texlive/texmf-dist/tex/latex/graphics-def/pdftex.def
File: pdftex.def 2020/10/05 v1.2a Graphics/color driver for pdftex
))
\Gin@req@height=\dimen171
\Gin@req@width=\dimen172
)
(/usr/share/texlive/texmf-dist/tex/latex/base/textcomp.sty
Package: textcomp 2020/02/02 v2.0n Standard LaTeX package
)
(/usr/share/texlive/texmf-dist/tex/latex/xcolor/xcolor.sty
Package: xcolor 2021/10/31 v2.13 LaTeX color extensions (UK)

(/usr/share/texlive/texmf-dist/tex/latex/graphics-cfg/color.cfg
File: color.cfg 2016/01/02 v1.6 sample color configuration
)
Package xcolor Info: Driver file: pdftex.def on input line 227.
Package xcolor Info: Model `cmy' substituted by `cmy0' on input line 1352.
Package xcolor Info: Model `hsb' substituted by `rgb' on input line 1356.
Package xcolor Info: Model `RGB' extended on input line 1368.
Package xcolor Info: Model `HTML' substituted by `rgb' on input line 1370.
Package xcolor Info: Model `Hsb' substituted by `hsb' on input line 1371.
Package xcolor Info: Model `tHsb' substituted by `hsb' on input line 1372.
Package xcolor Info: Model `HSB' substituted by `hsb' on input line 1373.
Package xcolor Info: Model `Gray' substituted by `gray' on input line 1374.
Package xcolor Info: Model `wave' substituted by `hsb' on input line 1375.
) (./mydef.tex) (/usr/share/texlive/texmf-dist/tex/latex/l3backend/l3backend-pd
ftex.def
File: l3backend-pdftex.def 2022-01-12 L3 backend support: PDF output (pdfTeX)
\l__color_backend_stack_int=\count282
\l__pdf_internal_box=\box54
)
(./scieee.aux)
\openout1 = `scieee.aux'.

LaTeX Font Info:    Checking defaults for OML/cmm/m/it on input line 19.
LaTeX Font Info:    ... okay on input line 19.
LaTeX Font Info:    Checking defaults for OMS/cmsy/m/n on input line 19.
LaTeX Font Info:    ... okay on input line 19.
LaTeX Font Info:    Checking defaults for OT1/cmr/m/n on input line 19.
LaTeX Font Info:    ... okay on input line 19.
LaTeX Font Info:    Checking defaults for T1/cmr/m/n on input line 19.
LaTeX Font Info:    ... okay on input line 19.
LaTeX Font Info:    Checking defaults for TS1/cmr/m/n on input line 19.
LaTeX Font Info:    ... okay on input line 19.
LaTeX Font Info:    Checking defaults for OMX/cmex/m/n on input line 19.
LaTeX Font Info:    ... okay on input line 19.
LaTeX Font Info:    Checking defaults for U/cmr/m/n on input line 19.
LaTeX Font Info:    ... okay on input line 19.

-- Lines per column: 56 (exact).
(/usr/share/texlive/texmf-dist/tex/context/base/mkii/supp-pdf.mkii
[Loading MPS to PDF converter (version 2006.09.02).]
\scratchcounter=\count283
\scratchdimen=\dimen173
\scratchbox=\box55
\nofMPsegments=\count284
\nofMParguments=\count285
\everyMPshowfont=\toks23
\MPscratchCnt=\count286
\MPscratchDim=\dimen174
\MPnumerator=\count287
\makeMPintoPDFobject=\count288
\everyMPtoPDFconversion=\toks24
) (/usr/share/texlive/texmf-dist/tex/latex/epstopdf-pkg/epstopdf-base.sty
Package: epstopdf-base 2020-01-24 v2.11 Base part for package epstopdf
Package epstopdf-base Info: Redefining graphics rule for `.eps' on input line 4
85.

(/usr/share/texlive/texmf-dist/tex/latex/latexconfig/epstopdf-sys.cfg
File: epstopdf-sys.cfg 2010/07/13 v1.3 Configuration of (r)epstopdf for TeX Liv
e
))
LaTeX Font Info:    Trying to load font information for U+msa on input line 79.


(/usr/share/texlive/texmf-dist/tex/latex/amsfonts/umsa.fd
File: umsa.fd 2013/01/14 v3.01 AMS symbols A
)
LaTeX Font Info:    Trying to load font information for U+msb on input line 79.


(/usr/share/texlive/texmf-dist/tex/latex/amsfonts/umsb.fd
File: umsb.fd 2013/01/14 v3.01 AMS symbols B
) [1{/var/lib/texmf/fonts/map/pdftex/updmap/pdftex.map}


]
<1x1.png, id=28, 607.26875pt x 341.275pt>
File: 1x1.png Graphic file (type png)
<use 1x1.png>
Package pdftex.def Info: 1x1.png  used on input line 242.
(pdftex.def)             Requested size: 249.48138pt x 140.19965pt.
<8x8.png, id=30, 607.26875pt x 341.275pt>
File: 8x8.png Graphic file (type png)
<use 8x8.png>
Package pdftex.def Info: 8x8.png  used on input line 242.
(pdftex.def)             Requested size: 249.48138pt x 140.19965pt.
 [2 <./1x1.png> <./8x8.png>] [3]
<AIE.png, id=41, 819.06pt x 1059.96pt>
File: AIE.png Graphic file (type png)
<use AIE.png>
Package pdftex.def Info: AIE.png  used on input line 512.
(pdftex.def)             Requested size: 201.60077pt x 260.89742pt.
 [4] [5 <./AIE.png>]
<R4x4-4sharesdense.png, id=49, 1162.3425pt x 548.0475pt>
File: R4x4-4sharesdense.png Graphic file (type png)
<use R4x4-4sharesdense.png>
Package pdftex.def Info: R4x4-4sharesdense.png  used on input line 706.
(pdftex.def)             Requested size: 504.0pt x 237.63774pt.
LaTeX Font Info:    Trying to load font information for OT1+pcr on input line 7
30.
 (/usr/share/texlive/texmf-dist/tex/latex/psnfss/ot1pcr.fd
File: ot1pcr.fd 2001/06/04 font definitions for OT1/pcr.
)
<singledenseconv.png, id=50, 1131.22626pt x 549.05125pt>
File: singledenseconv.png Graphic file (type png)
<use singledenseconv.png>
Package pdftex.def Info: singledenseconv.png  used on input line 771.
(pdftex.def)             Requested size: 378.0pt x 183.46625pt.
 [6]
Underfull \vbox (badness 1442) has occurred while \output is active []

 [7 <./R4x4-4sharesdense.png> <./singledenseconv.png>]
<singlesparseconv.png, id=61, 1130.2225pt x 549.05125pt>
File: singlesparseconv.png Graphic file (type png)
<use singlesparseconv.png>
Package pdftex.def Info: singlesparseconv.png  used on input line 843.
(pdftex.def)             Requested size: 251.74622pt x 122.29128pt.
<R4x4-4sharedsparse.png, id=62, 1130.2225pt x 549.05125pt>
File: R4x4-4sharedsparse.png Graphic file (type png)
<use R4x4-4sharedsparse.png>
Package pdftex.def Info: R4x4-4sharedsparse.png  used on input line 879.
(pdftex.def)             Requested size: 504.0pt x 244.8339pt.

Underfull \hbox (badness 1394) in paragraph at lines 883--886
[]\OT1/ptm/m/n/10 We have pre-sented spar-sity and per-for-mance mea-sure
 []

[8 <./singlesparseconv.png>]
Underfull \hbox (badness 1360) in paragraph at lines 910--916
[]\OT1/ptm/m/n/10 Take the sub-graph sched-ule and $\OML/cmm/m/it/10 u[]$ \OT1/
ptm/m/n/10 as above above.
 []


Overfull \hbox (10.11938pt too wide) detected at line 967
\OML/cmm/m/it/10 I[]\OT1/cmr/m/n/10 (0)\OML/cmm/m/it/10 ; L[]; L[]; :::L[]; I[]
\OT1/cmr/m/n/10 (0)\OML/cmm/m/it/10 ; [] I[]\OT1/cmr/m/n/10 (\OML/cmm/m/it/10 M
 \OMS/cmsy/m/n/10 ^^@ \OT1/cmr/m/n/10 1)\OML/cmm/m/it/10 ; L[]; L[]; :::L[]; I[
]\OT1/cmr/m/n/10 (\OML/cmm/m/it/10 M \OMS/cmsy/m/n/10 ^^@ \OT1/cmr/m/n/10 1)
 []

[9 <./R4x4-4sharedsparse.png>]
<./depth/vgg16overall.png, id=71, 1450.41875pt x 783.92876pt>
File: ./depth/vgg16overall.png Graphic file (type png)
<use ./depth/vgg16overall.png>
Package pdftex.def Info: ./depth/vgg16overall.png  used on input line 989.
(pdftex.def)             Requested size: 249.48138pt x 134.83311pt.
<./depth/vggddronly.png, id=72, 1462.46375pt x 752.8125pt>
File: ./depth/vggddronly.png Graphic file (type png)
<use ./depth/vggddronly.png>
Package pdftex.def Info: ./depth/vggddronly.png  used on input line 992.
(pdftex.def)             Requested size: 302.39923pt x 155.66005pt.
<./depth/vgg3tiles.png, id=73, 1254.6875pt x 716.6775pt>
File: ./depth/vgg3tiles.png Graphic file (type png)
<use ./depth/vgg3tiles.png>
Package pdftex.def Info: ./depth/vgg3tiles.png  used on input line 1004.
(pdftex.def)             Requested size: 249.48138pt x 142.50185pt.
<./depth/vgg2tiles.png, id=74, 1254.6875pt x 716.6775pt>
File: ./depth/vgg2tiles.png Graphic file (type png)
<use ./depth/vgg2tiles.png>
Package pdftex.def Info: ./depth/vgg2tiles.png  used on input line 1007.
(pdftex.def)             Requested size: 249.48138pt x 142.50185pt.
<./depth/vgg2tilessparse.png, id=75, 1254.6875pt x 716.6775pt>
File: ./depth/vgg2tilessparse.png Graphic file (type png)
<use ./depth/vgg2tilessparse.png>
Package pdftex.def Info: ./depth/vgg2tilessparse.png  used on input line 1010.
(pdftex.def)             Requested size: 249.48138pt x 142.50185pt.
 [10 <./depth/vgg16overall.png> <./depth/vggddronly.png> <./depth/vgg3tiles.png
> <./depth/vgg2tiles.png> <./depth/vgg2tilessparse.png>]
<Iv36x6-6shareddense.png, id=84, 1143.27126pt x 546.04pt>
File: Iv36x6-6shareddense.png Graphic file (type png)
<use Iv36x6-6shareddense.png>
Package pdftex.def Info: Iv36x6-6shareddense.png  used on input line 1024.
(pdftex.def)             Requested size: 412.80157pt x 197.15747pt.
<Iv36x6-6sharedsparse.png, id=85, 1179.40625pt x 543.02875pt>
File: Iv36x6-6sharedsparse.png Graphic file (type png)
<use Iv36x6-6sharedsparse.png>
Package pdftex.def Info: Iv36x6-6sharedsparse.png  used on input line 1024.
(pdftex.def)             Requested size: 412.80157pt x 190.0629pt.
 [11] [12 <./Iv36x6-6shareddense.png> <./Iv36x6-6sharedsparse.png>]
<IncV3-2x2-2share-dense.png, id=94, 2307.62125pt x 718.685pt>
File: IncV3-2x2-2share-dense.png Graphic file (type png)
<use IncV3-2x2-2share-dense.png>
Package pdftex.def Info: IncV3-2x2-2share-dense.png  used on input line 1213.
(pdftex.def)             Requested size: 670.80157pt x 208.91776pt.
<IncV3-2x2-2share-sparse.png, id=95, 2307.62125pt x 718.685pt>
File: IncV3-2x2-2share-sparse.png Graphic file (type png)
<use IncV3-2x2-2share-sparse.png>
Package pdftex.def Info: IncV3-2x2-2share-sparse.png  used on input line 1213.
(pdftex.def)             Requested size: 670.80157pt x 208.91776pt.


LaTeX Warning: Float too large for page by 22.13354pt on input line 1213.

<IncV3-3x3-3share-dense.png, id=96, 2307.62125pt x 718.685pt>
File: IncV3-3x3-3share-dense.png Graphic file (type png)
<use IncV3-3x3-3share-dense.png>
Package pdftex.def Info: IncV3-3x3-3share-dense.png  used on input line 1216.
(pdftex.def)             Requested size: 670.80157pt x 208.91776pt.
<IncV3-3x3-3share-sparse.png, id=97, 2307.62125pt x 718.685pt>
File: IncV3-3x3-3share-sparse.png Graphic file (type png)
<use IncV3-3x3-3share-sparse.png>
Package pdftex.def Info: IncV3-3x3-3share-sparse.png  used on input line 1216.
(pdftex.def)             Requested size: 670.80157pt x 208.91776pt.

LaTeX Warning: Float too large for page by 22.13354pt on input line 1216.

<IncV3-4x4-4share-dense.png, id=98, 2307.62125pt x 718.685pt>
File: IncV3-4x4-4share-dense.png Graphic file (type png)
<use IncV3-4x4-4share-dense.png>
Package pdftex.def Info: IncV3-4x4-4share-dense.png  used on input line 1219.
(pdftex.def)             Requested size: 670.80157pt x 208.91776pt.
<IncV3-4x4-4share-sparse.png, id=99, 2307.62125pt x 718.685pt>
File: IncV3-4x4-4share-sparse.png Graphic file (type png)
<use IncV3-4x4-4share-sparse.png>
Package pdftex.def Info: IncV3-4x4-4share-sparse.png  used on input line 1219.
(pdftex.def)             Requested size: 670.80157pt x 208.91776pt.

LaTeX Warning: Float too large for page by 22.13354pt on input line 1219.

<IncV3-5x5-5share-dense.png, id=100, 2307.62125pt x 718.685pt>
File: IncV3-5x5-5share-dense.png Graphic file (type png)
<use IncV3-5x5-5share-dense.png>
Package pdftex.def Info: IncV3-5x5-5share-dense.png  used on input line 1221.
(pdftex.def)             Requested size: 655.20154pt x 204.05971pt.

LaTeX Warning: Float too large for page by 15.53351pt on input line 1221.

<IncV3-6x6-6share-dense.png, id=101, 2307.62125pt x 718.685pt>
File: IncV3-6x6-6share-dense.png Graphic file (type png)
<use IncV3-6x6-6share-dense.png>
Package pdftex.def Info: IncV3-6x6-6share-dense.png  used on input line 1224.
(pdftex.def)             Requested size: 670.80157pt x 208.91776pt.
<IncV3-6x6-6share-sparse.png, id=102, 2307.62125pt x 718.685pt>
File: IncV3-6x6-6share-sparse.png Graphic file (type png)
<use IncV3-6x6-6share-sparse.png>
Package pdftex.def Info: IncV3-6x6-6share-sparse.png  used on input line 1224.
(pdftex.def)             Requested size: 670.80157pt x 208.91776pt.

LaTeX Warning: Float too large for page by 22.13354pt on input line 1224.

<IncV3-8x8-8share-dense.png, id=103, 2307.62125pt x 718.685pt>
File: IncV3-8x8-8share-dense.png Graphic file (type png)
<use IncV3-8x8-8share-dense.png>
Package pdftex.def Info: IncV3-8x8-8share-dense.png  used on input line 1227.
(pdftex.def)             Requested size: 670.80157pt x 208.91776pt.
<IncV3-8x8-8share-sparse.png, id=104, 2307.62125pt x 718.685pt>
File: IncV3-8x8-8share-sparse.png Graphic file (type png)
<use IncV3-8x8-8share-sparse.png>
Package pdftex.def Info: IncV3-8x8-8share-sparse.png  used on input line 1227.
(pdftex.def)             Requested size: 670.80157pt x 208.91776pt.

LaTeX Warning: Float too large for page by 22.13354pt on input line 1227.

<Res2x2-2share-dense.png, id=105, 2307.62125pt x 718.685pt>
File: Res2x2-2share-dense.png Graphic file (type png)
<use Res2x2-2share-dense.png>
Package pdftex.def Info: Res2x2-2share-dense.png  used on input line 1230.
(pdftex.def)             Requested size: 670.80157pt x 208.91776pt.
<Res2x2-2share-sparse.png, id=106, 2307.62125pt x 718.685pt>
File: Res2x2-2share-sparse.png Graphic file (type png)
<use Res2x2-2share-sparse.png>
Package pdftex.def Info: Res2x2-2share-sparse.png  used on input line 1230.
(pdftex.def)             Requested size: 670.80157pt x 208.91776pt.

LaTeX Warning: Float too large for page by 22.13354pt on input line 1230.

<Res3x3-3share-dense.png, id=107, 2307.62125pt x 718.685pt>
File: Res3x3-3share-dense.png Graphic file (type png)
<use Res3x3-3share-dense.png>
Package pdftex.def Info: Res3x3-3share-dense.png  used on input line 1233.
(pdftex.def)             Requested size: 670.80157pt x 208.91776pt.
<Res3x3-3share-sparse.png, id=108, 2307.62125pt x 718.685pt>
File: Res3x3-3share-sparse.png Graphic file (type png)
<use Res3x3-3share-sparse.png>
Package pdftex.def Info: Res3x3-3share-sparse.png  used on input line 1233.
(pdftex.def)             Requested size: 670.80157pt x 208.91776pt.

LaTeX Warning: Float too large for page by 22.13354pt on input line 1233.

<Res4x4-4share-dense.png, id=109, 2307.62125pt x 718.685pt>
File: Res4x4-4share-dense.png Graphic file (type png)
<use Res4x4-4share-dense.png>
Package pdftex.def Info: Res4x4-4share-dense.png  used on input line 1236.
(pdftex.def)             Requested size: 670.80157pt x 208.91776pt.
<Res4x4-4share-sparse.png, id=110, 2307.62125pt x 718.685pt>
File: Res4x4-4share-sparse.png Graphic file (type png)
<use Res4x4-4share-sparse.png>
Package pdftex.def Info: Res4x4-4share-sparse.png  used on input line 1236.
(pdftex.def)             Requested size: 670.80157pt x 208.91776pt.

LaTeX Warning: Float too large for page by 22.13354pt on input line 1236.

<Res5x5-5share-sparse.png, id=111, 2307.62125pt x 718.685pt>
File: Res5x5-5share-sparse.png Graphic file (type png)
<use Res5x5-5share-sparse.png>
Package pdftex.def Info: Res5x5-5share-sparse.png  used on input line 1238.
(pdftex.def)             Requested size: 655.20154pt x 204.05971pt.

LaTeX Warning: Float too large for page by 15.53351pt on input line 1238.

<Res6x6-6share-dense.png, id=112, 2307.62125pt x 718.685pt>
File: Res6x6-6share-dense.png Graphic file (type png)
<use Res6x6-6share-dense.png>
Package pdftex.def Info: Res6x6-6share-dense.png  used on input line 1241.
(pdftex.def)             Requested size: 670.80157pt x 208.91776pt.
<Res6x6-6share-sparse.png, id=113, 2307.62125pt x 718.685pt>
File: Res6x6-6share-sparse.png Graphic file (type png)
<use Res6x6-6share-sparse.png>
Package pdftex.def Info: Res6x6-6share-sparse.png  used on input line 1241.
(pdftex.def)             Requested size: 670.80157pt x 208.91776pt.

LaTeX Warning: Float too large for page by 22.13354pt on input line 1241.

<VGG162x2-2shared-dense.png, id=114, 1462.46375pt x 752.8125pt>
File: VGG162x2-2shared-dense.png Graphic file (type png)
<use VGG162x2-2shared-dense.png>
Package pdftex.def Info: VGG162x2-2shared-dense.png  used on input line 1243.
(pdftex.def)             Requested size: 464.39685pt x 239.04402pt.
<VGG162x2-2shared-sparse.png, id=115, 1462.46375pt x 752.8125pt>
File: VGG162x2-2shared-sparse.png Graphic file (type png)
<use VGG162x2-2shared-sparse.png>
Package pdftex.def Info: VGG162x2-2shared-sparse.png  used on input line 1243.
(pdftex.def)             Requested size: 464.39685pt x 239.04402pt.
<VGG164x4-4shared-dense.png, id=116, 1462.46375pt x 752.8125pt>
File: VGG164x4-4shared-dense.png Graphic file (type png)
<use VGG164x4-4shared-dense.png>
Package pdftex.def Info: VGG164x4-4shared-dense.png  used on input line 1244.
(pdftex.def)             Requested size: 464.39685pt x 239.04402pt.
<VGG164x4-4shared-sparse.png, id=117, 1462.46375pt x 752.8125pt>
File: VGG164x4-4shared-sparse.png Graphic file (type png)
<use VGG164x4-4shared-sparse.png>
Package pdftex.def Info: VGG164x4-4shared-sparse.png  used on input line 1244.
(pdftex.def)             Requested size: 464.39685pt x 239.04402pt.
<VGG168x8-8shared-dense.png, id=118, 1462.46375pt x 752.8125pt>
File: VGG168x8-8shared-dense.png Graphic file (type png)
<use VGG168x8-8shared-dense.png>
Package pdftex.def Info: VGG168x8-8shared-dense.png  used on input line 1245.
(pdftex.def)             Requested size: 464.39685pt x 239.04402pt.
<VGG168x8-8shared-sparse.png, id=119, 1462.46375pt x 752.8125pt>
File: VGG168x8-8shared-sparse.png Graphic file (type png)
<use VGG168x8-8shared-sparse.png>
Package pdftex.def Info: VGG168x8-8shared-sparse.png  used on input line 1245.
(pdftex.def)             Requested size: 464.39685pt x 239.04402pt.
(./scieee.bbl
Underfull \hbox (badness 10000) in paragraph at lines 37--39
[]\OT1/ptm/m/n/8 P. D'Alberto, ``Block spar-sity and train-ing,''
 []

LaTeX Font Info:    Trying to load font information for TS1+ptm on input line 5
3.
(/usr/share/texlive/texmf-dist/tex/latex/psnfss/ts1ptm.fd
File: ts1ptm.fd 2001/06/04 font definitions for TS1/ptm.
))

** Conference Paper **
Before submitting the final camera ready copy, remember to:

 1. Manually equalize the lengths of two columns on the last page
 of your paper;

 2. Ensure that any PostScript and/or PDF output post-processing
 uses only Type 1 fonts and that every step in the generation
 process uses the appropriate paper size.

[13] [14 <./IncV3-2x2-2share-dense.png> <./IncV3-2x2-2share-sparse.png>]
[15 <./IncV3-3x3-3share-dense.png> <./IncV3-3x3-3share-sparse.png>] [16 <./IncV
3-4x4-4share-dense.png> <./IncV3-4x4-4share-sparse.png>] [17

 <./IncV3-5x5-5share-dense.png>] [18 <./IncV3-6x6-6share-dense.png> <./IncV3-6x
6-6share-sparse.png>] [19 <./IncV3-8x8-8share-dense.png> <./IncV3-8x8-8share-sp
arse.png>] [20 <./Res2x2-2share-dense.png> <./Res2x2-2share-sparse.png>] [21 <.
/Res3x3-3share-dense.png> <./Res3x3-3share-sparse.png>] [22 <./Res4x4-4share-de
nse.png> <./Res4x4-4share-sparse.png>] [23

 <./Res5x5-5share-sparse.png>] [24 <./Res6x6-6share-dense.png> <./Res6x6-6share
-sparse.png>] [25 <./VGG162x2-2shared-dense.png> <./VGG162x2-2shared-sparse.png
>] [26 <./VGG164x4-4shared-dense.png> <./VGG164x4-4shared-sparse.png>] [27 <./V
GG168x8-8shared-dense.png> <./VGG168x8-8shared-sparse.png>] (./scieee.aux)

LaTeX Warning: Label(s) may have changed. Rerun to get cross-references right.

 ) 
Here is how much of TeX's memory you used:
 4697 strings out of 480171
 74835 string characters out of 5894488
 391184 words of memory out of 5000000
 22541 multiletter control sequences out of 15000+600000
 516271 words of font info for 128 fonts, out of 8000000 for 9000
 59 hyphenation exceptions out of 8191
 55i,12n,62p,396b,269s stack positions out of 5000i,500n,10000p,200000b,80000s
{/usr/share/texlive/texmf-dist/fonts/enc/dvips/base/8r.enc}</usr/share/texliv
e/texmf-dist/fonts/type1/public/amsfonts/cm/cmbx10.pfb></usr/share/texlive/texm
f-dist/fonts/type1/public/amsfonts/cm/cmex10.pfb></usr/share/texlive/texmf-dist
/fonts/type1/public/amsfonts/cmextra/cmex9.pfb></usr/share/texlive/texmf-dist/f
onts/type1/public/amsfonts/cm/cmmi10.pfb></usr/share/texlive/texmf-dist/fonts/t
ype1/public/amsfonts/cm/cmmi5.pfb></usr/share/texlive/texmf-dist/fonts/type1/pu
blic/amsfonts/cm/cmmi6.pfb></usr/share/texlive/texmf-dist/fonts/type1/public/am
sfonts/cm/cmmi7.pfb></usr/share/texlive/texmf-dist/fonts/type1/public/amsfonts/
cm/cmmi9.pfb></usr/share/texlive/texmf-dist/fonts/type1/public/amsfonts/cm/cmmi
b10.pfb></usr/share/texlive/texmf-dist/fonts/type1/public/amsfonts/cmextra/cmmi
b9.pfb></usr/share/texlive/texmf-dist/fonts/type1/public/amsfonts/cm/cmr10.pfb>
</usr/share/texlive/texmf-dist/fonts/type1/public/amsfonts/cm/cmr5.pfb></usr/sh
are/texlive/texmf-dist/fonts/type1/public/amsfonts/cm/cmr6.pfb></usr/share/texl
ive/texmf-dist/fonts/type1/public/amsfonts/cm/cmr7.pfb></usr/share/texlive/texm
f-dist/fonts/type1/public/amsfonts/cm/cmr9.pfb></usr/share/texlive/texmf-dist/f
onts/type1/public/amsfonts/cm/cmsy10.pfb></usr/share/texlive/texmf-dist/fonts/t
ype1/public/amsfonts/cm/cmsy6.pfb></usr/share/texlive/texmf-dist/fonts/type1/pu
blic/amsfonts/cm/cmsy7.pfb></usr/share/texlive/texmf-dist/fonts/type1/public/am
sfonts/symbols/msam10.pfb></usr/share/texlive/texmf-dist/fonts/type1/public/ams
fonts/symbols/msbm10.pfb></usr/share/texlive/texmf-dist/fonts/type1/urw/courier
/ucrr8a.pfb></usr/share/texlive/texmf-dist/fonts/type1/urw/times/utmb8a.pfb></u
sr/share/texlive/texmf-dist/fonts/type1/urw/times/utmbi8a.pfb></usr/share/texli
ve/texmf-dist/fonts/type1/urw/times/utmr8a.pfb></usr/share/texlive/texmf-dist/f
onts/type1/urw/times/utmri8a.pfb>
Output written on scieee.pdf (27 pages, 1727254 bytes).
PDF statistics:
 299 PDF objects out of 1000 (max. 8388607)
 138 compressed objects within 2 object streams
 0 named destinations out of 1000 (max. 500000)
 201 words of extra memory for PDF output out of 10000 (max. 10000000)

